{
  "RSpec": {
    "coverage": {
      "/Users/rodrigochavez/turing_work/3mod-repeat/final/sweater_weather/config/environment.rb": {
        "lines": [
          null,
          1,
          null,
          null,
          1
        ]
      },
      "/Users/rodrigochavez/turing_work/3mod-repeat/final/sweater_weather/config/application.rb": {
        "lines": [
          1,
          null,
          1,
          null,
          null,
          null,
          1,
          null,
          1,
          1,
          null,
          1,
          null,
          null,
          null,
          null,
          1,
          null,
          null,
          null,
          null,
          null,
          null,
          null,
          null,
          null,
          null,
          null,
          null,
          1,
          null,
          null
        ]
      },
      "/Users/rodrigochavez/turing_work/3mod-repeat/final/sweater_weather/config/boot.rb": {
        "lines": [
          1,
          null,
          1,
          1
        ]
      },
      "/Users/rodrigochavez/turing_work/3mod-repeat/final/sweater_weather/config/environments/test.rb": {
        "lines": [
          1,
          null,
          null,
          null,
          null,
          null,
          null,
          1,
          null,
          null,
          null,
          1,
          null,
          null,
          null,
          null,
          null,
          1,
          null,
          null,
          1,
          1,
          null,
          null,
          null,
          null,
          1,
          1,
          1,
          null,
          null,
          1,
          null,
          null,
          1,
          null,
          null,
          1,
          null,
          1,
          null,
          null,
          null,
          null,
          1,
          null,
          null,
          1,
          null,
          null,
          1,
          null,
          null,
          1,
          null,
          null,
          null,
          null,
          null,
          null,
          null,
          null,
          1,
          null
        ]
      },
      "/Users/rodrigochavez/turing_work/3mod-repeat/final/sweater_weather/config/initializers/cors.rb": {
        "lines": [
          null,
          null,
          null,
          null,
          null,
          null,
          null,
          null,
          null,
          null,
          null,
          null,
          null,
          null,
          null,
          null
        ]
      },
      "/Users/rodrigochavez/turing_work/3mod-repeat/final/sweater_weather/config/initializers/filter_parameter_logging.rb": {
        "lines": [
          null,
          null,
          null,
          null,
          null,
          1,
          null,
          null
        ]
      },
      "/Users/rodrigochavez/turing_work/3mod-repeat/final/sweater_weather/config/initializers/inflections.rb": {
        "lines": [
          null,
          null,
          null,
          null,
          null,
          null,
          null,
          null,
          null,
          null,
          null,
          null,
          null,
          null,
          null,
          null
        ]
      },
      "/Users/rodrigochavez/turing_work/3mod-repeat/final/sweater_weather/config/routes.rb": {
        "lines": [
          1,
          null,
          null,
          null,
          null,
          1,
          null,
          null,
          null,
          null,
          1,
          1,
          1,
          1,
          null,
          null,
          null
        ]
      },
      "/Users/rodrigochavez/turing_work/3mod-repeat/final/sweater_weather/spec/requests/forcast_request_spec.rb": {
        "lines": [
          1,
          null,
          1,
          null,
          1,
          1,
          null,
          1,
          1,
          null,
          1,
          null,
          1,
          null,
          1,
          1,
          null,
          1,
          null,
          1,
          1,
          1,
          null,
          1,
          1,
          null,
          1,
          null,
          null,
          null,
          1,
          1,
          1,
          1,
          1,
          1,
          1,
          1,
          1,
          1,
          1,
          1,
          1,
          1,
          null,
          null,
          null,
          1,
          null,
          1,
          null,
          1,
          null,
          5,
          5,
          5,
          5,
          5,
          5,
          5,
          5,
          5,
          null,
          null,
          null,
          1,
          null,
          1,
          null,
          1,
          24,
          24,
          24,
          24,
          24,
          24,
          24,
          null,
          null,
          null,
          null
        ]
      },
      "/Users/rodrigochavez/turing_work/3mod-repeat/final/sweater_weather/app/controllers/api/v1/book_search_controller.rb": {
        "lines": [
          1,
          1,
          1,
          1,
          null,
          1,
          1,
          1,
          null,
          1,
          1,
          null,
          1,
          null,
          null,
          null,
          null,
          null,
          null,
          null
        ]
      },
      "/Users/rodrigochavez/turing_work/3mod-repeat/final/sweater_weather/app/controllers/application_controller.rb": {
        "lines": [
          1,
          null
        ]
      },
      "/Users/rodrigochavez/turing_work/3mod-repeat/final/sweater_weather/app/facades/weather_facade.rb": {
        "lines": [
          1,
          1,
          2,
          2,
          2,
          2,
          null,
          null,
          1,
          2,
          2,
          2,
          null,
          null,
          null
        ]
      },
      "/Users/rodrigochavez/turing_work/3mod-repeat/final/sweater_weather/app/services/weather_service.rb": {
        "lines": [
          1,
          1,
          2,
          2,
          null,
          null,
          null,
          1,
          2,
          null,
          2,
          null,
          null,
          1,
          2,
          null,
          null
        ]
      },
      "/Users/rodrigochavez/turing_work/3mod-repeat/final/sweater_weather/app/poros/weather.rb": {
        "lines": [
          1,
          1,
          null,
          null,
          null,
          null,
          1,
          2,
          2,
          2,
          2,
          null,
          null,
          1,
          null,
          2,
          null,
          null,
          null,
          null,
          null,
          null,
          null,
          null,
          null,
          null,
          1,
          2,
          null,
          10,
          null,
          null,
          null,
          null,
          null,
          null,
          null,
          null,
          null,
          null,
          1,
          2,
          null,
          48,
          null,
          null,
          null,
          null,
          null,
          null,
          null,
          1,
          null,
          null,
          3,
          null,
          null,
          null,
          null
        ]
      },
      "/Users/rodrigochavez/turing_work/3mod-repeat/final/sweater_weather/app/facades/book_facade.rb": {
        "lines": [
          1,
          1,
          null,
          1,
          1,
          1,
          1,
          1,
          null,
          null,
          1,
          1,
          null,
          null,
          1,
          null,
          1,
          1,
          1,
          1,
          6,
          null,
          null
        ]
      },
      "/Users/rodrigochavez/turing_work/3mod-repeat/final/sweater_weather/app/services/book_service.rb": {
        "lines": [
          1,
          1,
          1,
          1,
          null,
          null,
          null,
          1,
          1,
          null,
          1,
          null,
          null,
          1,
          1,
          null,
          null,
          null
        ]
      },
      "/Users/rodrigochavez/turing_work/3mod-repeat/final/sweater_weather/app/poros/book.rb": {
        "lines": [
          1,
          1,
          null,
          1,
          5,
          null,
          null,
          1,
          null,
          5,
          null,
          null,
          null,
          null,
          null,
          null,
          null
        ]
      },
      "/Users/rodrigochavez/turing_work/3mod-repeat/final/sweater_weather/app/serializers/book_serializer.rb": {
        "lines": [
          1,
          1,
          1,
          1,
          1,
          1,
          null,
          null,
          1,
          null,
          1,
          null,
          null,
          null,
          null,
          null,
          null,
          null,
          null,
          null,
          null,
          null,
          null,
          1,
          null,
          1,
          1,
          null,
          5,
          null,
          5,
          5,
          5,
          null,
          null,
          null
        ]
      },
      "/Users/rodrigochavez/turing_work/3mod-repeat/final/sweater_weather/app/controllers/api/v1/weather_controller.rb": {
        "lines": [
          1,
          1,
          1,
          1,
          1,
          null,
          null,
          null
        ]
      },
      "/Users/rodrigochavez/turing_work/3mod-repeat/final/sweater_weather/app/facades/mapquest_facade.rb": {
        "lines": [
          1,
          1,
          1,
          1,
          1,
          null,
          null,
          1,
          1,
          1,
          null,
          1,
          null,
          null,
          null,
          null
        ]
      },
      "/Users/rodrigochavez/turing_work/3mod-repeat/final/sweater_weather/app/services/map_quest_service.rb": {
        "lines": [
          1,
          1,
          1,
          1,
          null,
          null,
          null,
          1,
          1,
          null,
          1,
          null,
          null,
          1,
          1,
          null,
          null
        ]
      },
      "/Users/rodrigochavez/turing_work/3mod-repeat/final/sweater_weather/app/serializers/weather_serializer.rb": {
        "lines": [
          1,
          1,
          1,
          null,
          2,
          null
        ]
      }
    },
    "timestamp": 1722883977
  }
}
